This is pdfTeX, Version 3.14159265-2.6-1.40.18 (TeX Live 2017) (preloaded format=pdflatex 2017.5.23)  17 MAR 2018 15:32
entering extended mode
 restricted \write18 enabled.
 %&-line parsing enabled.
**"Keyboard Shortcuts.tex"
(./Keyboard Shortcuts.tex
LaTeX2e <2017-04-15>
Babel <3.10> and hyphenation patterns for 84 language(s) loaded.
(/usr/local/texlive/2017/texmf-dist/tex/latex/base/article.cls
Document Class: article 2014/09/29 v1.4h Standard LaTeX document class
(/usr/local/texlive/2017/texmf-dist/tex/latex/base/size12.clo
File: size12.clo 2014/09/29 v1.4h Standard LaTeX file (size option)
)
\c@part=\count79
\c@section=\count80
\c@subsection=\count81
\c@subsubsection=\count82
\c@paragraph=\count83
\c@subparagraph=\count84
\c@figure=\count85
\c@table=\count86
\abovecaptionskip=\skip41
\belowcaptionskip=\skip42
\bibindent=\dimen102
)
(/usr/local/texlive/2017/texmf-dist/tex/latex/amsmath/amsmath.sty
Package: amsmath 2016/11/05 v2.16a AMS math features
\@mathmargin=\skip43

For additional information on amsmath, use the `?' option.
(/usr/local/texlive/2017/texmf-dist/tex/latex/amsmath/amstext.sty
Package: amstext 2000/06/29 v2.01 AMS text

(/usr/local/texlive/2017/texmf-dist/tex/latex/amsmath/amsgen.sty
File: amsgen.sty 1999/11/30 v2.0 generic functions
\@emptytoks=\toks14
\ex@=\dimen103
))
(/usr/local/texlive/2017/texmf-dist/tex/latex/amsmath/amsbsy.sty
Package: amsbsy 1999/11/29 v1.2d Bold Symbols
\pmbraise@=\dimen104
)
(/usr/local/texlive/2017/texmf-dist/tex/latex/amsmath/amsopn.sty
Package: amsopn 2016/03/08 v2.02 operator names
)
\inf@bad=\count87
LaTeX Info: Redefining \frac on input line 213.
\uproot@=\count88
\leftroot@=\count89
LaTeX Info: Redefining \overline on input line 375.
\classnum@=\count90
\DOTSCASE@=\count91
LaTeX Info: Redefining \ldots on input line 472.
LaTeX Info: Redefining \dots on input line 475.
LaTeX Info: Redefining \cdots on input line 596.
\Mathstrutbox@=\box26
\strutbox@=\box27
\big@size=\dimen105
LaTeX Font Info:    Redeclaring font encoding OML on input line 712.
LaTeX Font Info:    Redeclaring font encoding OMS on input line 713.
\macc@depth=\count92
\c@MaxMatrixCols=\count93
\dotsspace@=\muskip10
\c@parentequation=\count94
\dspbrk@lvl=\count95
\tag@help=\toks15
\row@=\count96
\column@=\count97
\maxfields@=\count98
\andhelp@=\toks16
\eqnshift@=\dimen106
\alignsep@=\dimen107
\tagshift@=\dimen108
\tagwidth@=\dimen109
\totwidth@=\dimen110
\lineht@=\dimen111
\@envbody=\toks17
\multlinegap=\skip44
\multlinetaggap=\skip45
\mathdisplay@stack=\toks18
LaTeX Info: Redefining \[ on input line 2817.
LaTeX Info: Redefining \] on input line 2818.
)
(/usr/local/texlive/2017/texmf-dist/tex/latex/anysize/anysize.sty
Package: anysize 1994/08/13 setting margin sizes

document style option `anysize' loaded
Michael Salzenberg, Thomas Esser, Dirk Hillbrecht
Version 1.0, Aug 13, 1994
\@Leftmargin=\dimen112
\@Rightmargin=\dimen113
\@Topmargin=\dimen114
\@Bottommargin=\dimen115
) (/usr/local/texlive/2017/texmf-dist/tex/latex/fancyhdr/fancyhdr.sty
Package: fancyhdr 2016/09/06 3.8 Extensive control of page headers and footers
\fancy@headwidth=\skip46
\f@ncyO@elh=\skip47
\f@ncyO@erh=\skip48
\f@ncyO@olh=\skip49
\f@ncyO@orh=\skip50
\f@ncyO@elf=\skip51
\f@ncyO@erf=\skip52
\f@ncyO@olf=\skip53
\f@ncyO@orf=\skip54
)
(/usr/local/texlive/2017/texmf-dist/tex/latex/tools/multicol.sty
Package: multicol 2017/04/11 v1.8q multicolumn formatting (FMi)
\c@tracingmulticols=\count99
\mult@box=\box28
\multicol@leftmargin=\dimen116
\c@unbalance=\count100
\c@collectmore=\count101
\doublecol@number=\count102
\multicoltolerance=\count103
\multicolpretolerance=\count104
\full@width=\dimen117
\page@free=\dimen118
\premulticols=\dimen119
\postmulticols=\dimen120
\multicolsep=\skip55
\multicolbaselineskip=\skip56
\partial@page=\box29
\last@line=\box30
\maxbalancingoverflow=\dimen121
\mult@rightbox=\box31
\mult@grightbox=\box32
\mult@gfirstbox=\box33
\mult@firstbox=\box34
\@tempa=\box35
\@tempa=\box36
\@tempa=\box37
\@tempa=\box38
\@tempa=\box39
\@tempa=\box40
\@tempa=\box41
\@tempa=\box42
\@tempa=\box43
\@tempa=\box44
\@tempa=\box45
\@tempa=\box46
\@tempa=\box47
\@tempa=\box48
\@tempa=\box49
\@tempa=\box50
\@tempa=\box51
\c@columnbadness=\count105
\c@finalcolumnbadness=\count106
\last@try=\dimen122
\multicolovershoot=\dimen123
\multicolundershoot=\dimen124
\mult@nat@firstbox=\box52
\colbreak@box=\box53
\mc@col@check@num=\count107
)
(/usr/local/texlive/2017/texmf-dist/tex/latex/graphics/graphicx.sty
Package: graphicx 2014/10/28 v1.0g Enhanced LaTeX Graphics (DPC,SPQR)

(/usr/local/texlive/2017/texmf-dist/tex/latex/graphics/keyval.sty
Package: keyval 2014/10/28 v1.15 key=value parser (DPC)
\KV@toks@=\toks19
)
(/usr/local/texlive/2017/texmf-dist/tex/latex/graphics/graphics.sty
Package: graphics 2017/04/14 v1.1b Standard LaTeX Graphics (DPC,SPQR)

(/usr/local/texlive/2017/texmf-dist/tex/latex/graphics/trig.sty
Package: trig 2016/01/03 v1.10 sin cos tan (DPC)
)
(/usr/local/texlive/2017/texmf-dist/tex/latex/graphics-cfg/graphics.cfg
File: graphics.cfg 2016/06/04 v1.11 sample graphics configuration
)
Package graphics Info: Driver file: pdftex.def on input line 99.

(/usr/local/texlive/2017/texmf-dist/tex/latex/graphics-def/pdftex.def
File: pdftex.def 2017/01/12 v0.06k Graphics/color for pdfTeX

(/usr/local/texlive/2017/texmf-dist/tex/generic/oberdiek/infwarerr.sty
Package: infwarerr 2016/05/16 v1.4 Providing info/warning/error messages (HO)
)
(/usr/local/texlive/2017/texmf-dist/tex/generic/oberdiek/ltxcmds.sty
Package: ltxcmds 2016/05/16 v1.23 LaTeX kernel commands for general use (HO)
)
\Gread@gobject=\count108
))
\Gin@req@height=\dimen125
\Gin@req@width=\dimen126
)
(/usr/local/texlive/2017/texmf-dist/tex/latex/scalerel/scalerel.sty
Package: scalerel 2016/12/29 v1.8 Routines for constrained scaling and stretchi
ng of objects, relative to a reference object or in absolute terms

(/usr/local/texlive/2017/texmf-dist/tex/latex/tools/calc.sty
Package: calc 2014/10/28 v4.3 Infix arithmetic (KKT,FJ)
\calc@Acount=\count109
\calc@Bcount=\count110
\calc@Adimen=\dimen127
\calc@Bdimen=\dimen128
\calc@Askip=\skip57
\calc@Bskip=\skip58
LaTeX Info: Redefining \setlength on input line 80.
LaTeX Info: Redefining \addtolength on input line 81.
\calc@Ccount=\count111
\calc@Cskip=\skip59
)
(/usr/local/texlive/2017/texmf-dist/tex/latex/etoolbox/etoolbox.sty
Package: etoolbox 2017/01/02 v2.4 e-TeX tools for LaTeX (JAW)
\etb@tempcnta=\count112
)
\thesrwidth=\skip60
\thesrheight=\skip61
\srblobheight=\skip62
\srblobdepth=\skip63
\mnxsrwidth=\skip64
\LMex=\skip65
\LMpt=\skip66
)
(./Keyboard Shortcuts.aux)
\openout1 = `"Keyboard Shortcuts.aux"'.

LaTeX Font Info:    Checking defaults for OML/cmm/m/it on input line 15.
LaTeX Font Info:    ... okay on input line 15.
LaTeX Font Info:    Checking defaults for T1/cmr/m/n on input line 15.
LaTeX Font Info:    ... okay on input line 15.
LaTeX Font Info:    Checking defaults for OT1/cmr/m/n on input line 15.
LaTeX Font Info:    ... okay on input line 15.
LaTeX Font Info:    Checking defaults for OMS/cmsy/m/n on input line 15.
LaTeX Font Info:    ... okay on input line 15.
LaTeX Font Info:    Checking defaults for OMX/cmex/m/n on input line 15.
LaTeX Font Info:    ... okay on input line 15.
LaTeX Font Info:    Checking defaults for U/cmr/m/n on input line 15.
LaTeX Font Info:    ... okay on input line 15.

(/usr/local/texlive/2017/texmf-dist/tex/context/base/mkii/supp-pdf.mkii
[Loading MPS to PDF converter (version 2006.09.02).]
\scratchcounter=\count113
\scratchdimen=\dimen129
\scratchbox=\box54
\nofMPsegments=\count114
\nofMParguments=\count115
\everyMPshowfont=\toks20
\MPscratchCnt=\count116
\MPscratchDim=\dimen130
\MPnumerator=\count117
\makeMPintoPDFobject=\count118
\everyMPtoPDFconversion=\toks21
) (/usr/local/texlive/2017/texmf-dist/tex/generic/oberdiek/pdftexcmds.sty
Package: pdftexcmds 2017/03/19 v0.25 Utility functions of pdfTeX for LuaTeX (HO
)

(/usr/local/texlive/2017/texmf-dist/tex/generic/oberdiek/ifluatex.sty
Package: ifluatex 2016/05/16 v1.4 Provides the ifluatex switch (HO)
Package ifluatex Info: LuaTeX not detected.
)
(/usr/local/texlive/2017/texmf-dist/tex/generic/oberdiek/ifpdf.sty
Package: ifpdf 2017/03/15 v3.2 Provides the ifpdf switch
)
Package pdftexcmds Info: LuaTeX not detected.
Package pdftexcmds Info: \pdf@primitive is available.
Package pdftexcmds Info: \pdf@ifprimitive is available.
Package pdftexcmds Info: \pdfdraftmode found.
)
(/usr/local/texlive/2017/texmf-dist/tex/latex/oberdiek/epstopdf-base.sty
Package: epstopdf-base 2016/05/15 v2.6 Base part for package epstopdf

(/usr/local/texlive/2017/texmf-dist/tex/latex/oberdiek/grfext.sty
Package: grfext 2016/05/16 v1.2 Manage graphics extensions (HO)

(/usr/local/texlive/2017/texmf-dist/tex/generic/oberdiek/kvdefinekeys.sty
Package: kvdefinekeys 2016/05/16 v1.4 Define keys (HO)
))
(/usr/local/texlive/2017/texmf-dist/tex/latex/oberdiek/kvoptions.sty
Package: kvoptions 2016/05/16 v3.12 Key value format for package options (HO)

(/usr/local/texlive/2017/texmf-dist/tex/generic/oberdiek/kvsetkeys.sty
Package: kvsetkeys 2016/05/16 v1.17 Key value parser (HO)

(/usr/local/texlive/2017/texmf-dist/tex/generic/oberdiek/etexcmds.sty
Package: etexcmds 2016/05/16 v1.6 Avoid name clashes with e-TeX commands (HO)
Package etexcmds Info: Could not find \expanded.
(etexcmds)             That can mean that you are not using pdfTeX 1.50 or
(etexcmds)             that some package has redefined \expanded.
(etexcmds)             In the latter case, load this package earlier.
)))
Package epstopdf-base Info: Redefining graphics rule for `.eps' on input line 4
38.
Package grfext Info: Graphics extension search list:
(grfext)             [.png,.pdf,.jpg,.mps,.jpeg,.jbig2,.jb2,.PNG,.PDF,.JPG,.JPE
G,.JBIG2,.JB2,.eps]
(grfext)             \AppendGraphicsExtensions on input line 456.

(/usr/local/texlive/2017/texmf-dist/tex/latex/latexconfig/epstopdf-sys.cfg
File: epstopdf-sys.cfg 2010/07/13 v1.3 Configuration of (r)epstopdf for TeX Liv
e
))
<windows.pdf, id=1, 614.295pt x 590.00294pt>
File: windows.pdf Graphic file (type pdf)
 <use windows.pdf>
Package pdftex.def Info: windows.pdf used on input line 37.
(pdftex.def)             Requested size: 614.29349pt x 590.00151pt.
File: windows.pdf Graphic file (type pdf)

<use windows.pdf>
Package pdftex.def Info: windows.pdf used on input line 37.
(pdftex.def)             Requested size: 614.29349pt x 590.00151pt.
File: windows.pdf Graphic file (type pdf)
 <use windows.pdf>
File: windows.pdf Graphic file (type pdf)
 <use windows.pdf>
File: windows.pdf Graphic file (type pdf)
 <use windows.pdf>
File: windows.pdf Graphic file (type pdf)

<use windows.pdf>
File: windows.pdf Graphic file (type pdf)
 <use windows.pdf>
File: windows.pdf Graphic file (type pdf)
 <use windows.pdf>
File: windows.pdf Graphic file (type pdf)
 <use windows.pdf>
Package pdftex.def Info: windows.pdf used on input line 37.
(pdftex.def)             Requested size: 614.29349pt x 590.00151pt.
File: windows.pdf Graphic file (type pdf)

<use windows.pdf>
Package pdftex.def Info: windows.pdf used on input line 37.
(pdftex.def)             Requested size: 614.29349pt x 590.00151pt.
File: windows.pdf Graphic file (type pdf)
 <use windows.pdf>
File: windows.pdf Graphic file (type pdf)
 <use windows.pdf>
File: windows.pdf Graphic file (type pdf)
 <use windows.pdf>
File: windows.pdf Graphic file (type pdf)

<use windows.pdf>
File: windows.pdf Graphic file (type pdf)
 <use windows.pdf>
File: windows.pdf Graphic file (type pdf)
 <use windows.pdf>
<command.pdf, id=2, 435.21596pt x 435.21596pt>
File: command.pdf Graphic file (type pdf)
 <use command.pdf>
Package pdftex.def Info: command.pdf used on input line 57.
(pdftex.def)             Requested size: 435.21489pt x 435.21489pt.
File: command.pdf Graphic file (type pdf)

<use command.pdf>
Package pdftex.def Info: command.pdf used on input line 57.
(pdftex.def)             Requested size: 435.21489pt x 435.21489pt.
File: command.pdf Graphic file (type pdf)
 <use command.pdf>
File: command.pdf Graphic file (type pdf)
 <use command.pdf>
File: command.pdf Graphic file (type pdf)
 <use command.pdf>
File: command.pdf Graphic file (type pdf)

<use command.pdf>
File: command.pdf Graphic file (type pdf)
 <use command.pdf>
File: command.pdf Graphic file (type pdf)
 <use command.pdf>
File: command.pdf Graphic file (type pdf)
 <use command.pdf>
Package pdftex.def Info: command.pdf used on input line 57.
(pdftex.def)             Requested size: 435.21489pt x 435.21489pt.
File: command.pdf Graphic file (type pdf)

<use command.pdf>
Package pdftex.def Info: command.pdf used on input line 57.
(pdftex.def)             Requested size: 435.21489pt x 435.21489pt.
File: command.pdf Graphic file (type pdf)
 <use command.pdf>
File: command.pdf Graphic file (type pdf)
 <use command.pdf>
File: command.pdf Graphic file (type pdf)
 <use command.pdf>
File: command.pdf Graphic file (type pdf)

<use command.pdf>
File: command.pdf Graphic file (type pdf)
 <use command.pdf>
File: command.pdf Graphic file (type pdf)
 <use command.pdf>
File: command.pdf Graphic file (type pdf)
 <use command.pdf>
Package pdftex.def Info: command.pdf used on input line 57.
(pdftex.def)             Requested size: 435.21489pt x 435.21489pt.
File: command.pdf Graphic file (type pdf)

<use command.pdf>
Package pdftex.def Info: command.pdf used on input line 57.
(pdftex.def)             Requested size: 435.21489pt x 435.21489pt.
File: command.pdf Graphic file (type pdf)
 <use command.pdf>
File: command.pdf Graphic file (type pdf)
 <use command.pdf>
File: command.pdf Graphic file (type pdf)
 <use command.pdf>
File: command.pdf Graphic file (type pdf)

<use command.pdf>
File: command.pdf Graphic file (type pdf)
 <use command.pdf>
File: command.pdf Graphic file (type pdf)
 <use command.pdf>
File: command.pdf Graphic file (type pdf)
 <use command.pdf>
Package pdftex.def Info: command.pdf used on input line 57.
(pdftex.def)             Requested size: 435.21489pt x 435.21489pt.
File: command.pdf Graphic file (type pdf)

<use command.pdf>
Package pdftex.def Info: command.pdf used on input line 57.
(pdftex.def)             Requested size: 435.21489pt x 435.21489pt.
File: command.pdf Graphic file (type pdf)
 <use command.pdf>
File: command.pdf Graphic file (type pdf)
 <use command.pdf>
File: command.pdf Graphic file (type pdf)
 <use command.pdf>
File: command.pdf Graphic file (type pdf)

<use command.pdf>
File: command.pdf Graphic file (type pdf)
 <use command.pdf>
File: command.pdf Graphic file (type pdf)
 <use command.pdf>
File: command.pdf Graphic file (type pdf)
 <use command.pdf>
Package pdftex.def Info: command.pdf used on input line 57.
(pdftex.def)             Requested size: 435.21489pt x 435.21489pt.
File: command.pdf Graphic file (type pdf)

<use command.pdf>
Package pdftex.def Info: command.pdf used on input line 57.
(pdftex.def)             Requested size: 435.21489pt x 435.21489pt.
File: command.pdf Graphic file (type pdf)
 <use command.pdf>
File: command.pdf Graphic file (type pdf)
 <use command.pdf>
File: command.pdf Graphic file (type pdf)
 <use command.pdf>
File: command.pdf Graphic file (type pdf)

<use command.pdf>
File: command.pdf Graphic file (type pdf)
 <use command.pdf>
File: command.pdf Graphic file (type pdf)
 <use command.pdf>
File: command.pdf Graphic file (type pdf)
 <use command.pdf>
Package pdftex.def Info: command.pdf used on input line 57.
(pdftex.def)             Requested size: 435.21489pt x 435.21489pt.
File: command.pdf Graphic file (type pdf)

<use command.pdf>
Package pdftex.def Info: command.pdf used on input line 57.
(pdftex.def)             Requested size: 435.21489pt x 435.21489pt.
File: command.pdf Graphic file (type pdf)
 <use command.pdf>
File: command.pdf Graphic file (type pdf)
 <use command.pdf>
File: command.pdf Graphic file (type pdf)
 <use command.pdf>
File: command.pdf Graphic file (type pdf)

<use command.pdf>
File: command.pdf Graphic file (type pdf)
 <use command.pdf>
File: command.pdf Graphic file (type pdf)
 <use command.pdf>
File: command.pdf Graphic file (type pdf)
 <use command.pdf>
Package pdftex.def Info: command.pdf used on input line 57.
(pdftex.def)             Requested size: 435.21489pt x 435.21489pt.
File: command.pdf Graphic file (type pdf)

<use command.pdf>
Package pdftex.def Info: command.pdf used on input line 57.
(pdftex.def)             Requested size: 435.21489pt x 435.21489pt.
File: command.pdf Graphic file (type pdf)
 <use command.pdf>
File: command.pdf Graphic file (type pdf)
 <use command.pdf>
File: command.pdf Graphic file (type pdf)
 <use command.pdf>
File: command.pdf Graphic file (type pdf)

<use command.pdf>
File: command.pdf Graphic file (type pdf)
 <use command.pdf>
File: command.pdf Graphic file (type pdf)
 <use command.pdf>
File: command.pdf Graphic file (type pdf)
 <use command.pdf>
Package pdftex.def Info: command.pdf used on input line 57.
(pdftex.def)             Requested size: 435.21489pt x 435.21489pt.
File: command.pdf Graphic file (type pdf)

<use command.pdf>
Package pdftex.def Info: command.pdf used on input line 57.
(pdftex.def)             Requested size: 435.21489pt x 435.21489pt.
File: command.pdf Graphic file (type pdf)
 <use command.pdf>
File: command.pdf Graphic file (type pdf)
 <use command.pdf>
File: command.pdf Graphic file (type pdf)
 <use command.pdf>
File: command.pdf Graphic file (type pdf)

<use command.pdf>
File: command.pdf Graphic file (type pdf)
 <use command.pdf>
File: command.pdf Graphic file (type pdf)
 <use command.pdf>
File: command.pdf Graphic file (type pdf)
 <use command.pdf>
Package pdftex.def Info: command.pdf used on input line 57.
(pdftex.def)             Requested size: 435.21489pt x 435.21489pt.
File: command.pdf Graphic file (type pdf)

<use command.pdf>
Package pdftex.def Info: command.pdf used on input line 57.
(pdftex.def)             Requested size: 435.21489pt x 435.21489pt.
File: command.pdf Graphic file (type pdf)
 <use command.pdf>
File: command.pdf Graphic file (type pdf)
 <use command.pdf>
File: command.pdf Graphic file (type pdf)
 <use command.pdf>
File: command.pdf Graphic file (type pdf)

<use command.pdf>
File: command.pdf Graphic file (type pdf)
 <use command.pdf>
File: command.pdf Graphic file (type pdf)
 <use command.pdf>
File: command.pdf Graphic file (type pdf)
 <use command.pdf>
Package pdftex.def Info: command.pdf used on input line 57.
(pdftex.def)             Requested size: 435.21489pt x 435.21489pt.
File: command.pdf Graphic file (type pdf)

<use command.pdf>
Package pdftex.def Info: command.pdf used on input line 57.
(pdftex.def)             Requested size: 435.21489pt x 435.21489pt.
File: command.pdf Graphic file (type pdf)
 <use command.pdf>
File: command.pdf Graphic file (type pdf)
 <use command.pdf>
File: command.pdf Graphic file (type pdf)
 <use command.pdf>
File: command.pdf Graphic file (type pdf)

<use command.pdf>
File: command.pdf Graphic file (type pdf)
 <use command.pdf>
File: command.pdf Graphic file (type pdf)
 <use command.pdf>
File: command.pdf Graphic file (type pdf)
 <use command.pdf>
Package pdftex.def Info: command.pdf used on input line 57.
(pdftex.def)             Requested size: 435.21489pt x 435.21489pt.
File: command.pdf Graphic file (type pdf)

<use command.pdf>
Package pdftex.def Info: command.pdf used on input line 57.
(pdftex.def)             Requested size: 435.21489pt x 435.21489pt.
File: command.pdf Graphic file (type pdf)
 <use command.pdf>
File: command.pdf Graphic file (type pdf)
 <use command.pdf>
File: command.pdf Graphic file (type pdf)
 <use command.pdf>
File: command.pdf Graphic file (type pdf)

<use command.pdf>
File: command.pdf Graphic file (type pdf)
 <use command.pdf>
File: command.pdf Graphic file (type pdf)
 <use command.pdf>
File: command.pdf Graphic file (type pdf)
 <use command.pdf>
Package pdftex.def Info: command.pdf used on input line 57.
(pdftex.def)             Requested size: 435.21489pt x 435.21489pt.
File: command.pdf Graphic file (type pdf)

<use command.pdf>
Package pdftex.def Info: command.pdf used on input line 57.
(pdftex.def)             Requested size: 435.21489pt x 435.21489pt.
File: command.pdf Graphic file (type pdf)
 <use command.pdf>
File: command.pdf Graphic file (type pdf)
 <use command.pdf>
File: command.pdf Graphic file (type pdf)
 <use command.pdf>
File: command.pdf Graphic file (type pdf)

<use command.pdf>
File: command.pdf Graphic file (type pdf)
 <use command.pdf>
File: command.pdf Graphic file (type pdf)
 <use command.pdf>
File: command.pdf Graphic file (type pdf)
 <use command.pdf>
Package pdftex.def Info: command.pdf used on input line 57.
(pdftex.def)             Requested size: 435.21489pt x 435.21489pt.
File: command.pdf Graphic file (type pdf)

<use command.pdf>
Package pdftex.def Info: command.pdf used on input line 57.
(pdftex.def)             Requested size: 435.21489pt x 435.21489pt.
File: command.pdf Graphic file (type pdf)
 <use command.pdf>
File: command.pdf Graphic file (type pdf)
 <use command.pdf>
File: command.pdf Graphic file (type pdf)
 <use command.pdf>
File: command.pdf Graphic file (type pdf)

<use command.pdf>
File: command.pdf Graphic file (type pdf)
 <use command.pdf>
File: command.pdf Graphic file (type pdf)
 <use command.pdf>
File: command.pdf Graphic file (type pdf)
 <use command.pdf>
Package pdftex.def Info: command.pdf used on input line 57.
(pdftex.def)             Requested size: 435.21489pt x 435.21489pt.
File: command.pdf Graphic file (type pdf)

<use command.pdf>
Package pdftex.def Info: command.pdf used on input line 57.
(pdftex.def)             Requested size: 435.21489pt x 435.21489pt.
File: command.pdf Graphic file (type pdf)
 <use command.pdf>
File: command.pdf Graphic file (type pdf)
 <use command.pdf>
File: command.pdf Graphic file (type pdf)
 <use command.pdf>
File: command.pdf Graphic file (type pdf)

<use command.pdf>
File: command.pdf Graphic file (type pdf)
 <use command.pdf>
File: command.pdf Graphic file (type pdf)
 <use command.pdf>
File: command.pdf Graphic file (type pdf)
 <use command.pdf>
Package pdftex.def Info: command.pdf used on input line 57.
(pdftex.def)             Requested size: 435.21489pt x 435.21489pt.
File: command.pdf Graphic file (type pdf)

<use command.pdf>
Package pdftex.def Info: command.pdf used on input line 57.
(pdftex.def)             Requested size: 435.21489pt x 435.21489pt.
File: command.pdf Graphic file (type pdf)
 <use command.pdf>
File: command.pdf Graphic file (type pdf)
 <use command.pdf>
File: command.pdf Graphic file (type pdf)
 <use command.pdf>
File: command.pdf Graphic file (type pdf)

<use command.pdf>
File: command.pdf Graphic file (type pdf)
 <use command.pdf>
File: command.pdf Graphic file (type pdf)
 <use command.pdf>
File: command.pdf Graphic file (type pdf)
 <use command.pdf>
Package pdftex.def Info: command.pdf used on input line 57.
(pdftex.def)             Requested size: 435.21489pt x 435.21489pt.
File: command.pdf Graphic file (type pdf)

<use command.pdf>
Package pdftex.def Info: command.pdf used on input line 57.
(pdftex.def)             Requested size: 435.21489pt x 435.21489pt.
File: command.pdf Graphic file (type pdf)
 <use command.pdf>
File: command.pdf Graphic file (type pdf)
 <use command.pdf>
File: command.pdf Graphic file (type pdf)
 <use command.pdf>
File: command.pdf Graphic file (type pdf)

<use command.pdf>
File: command.pdf Graphic file (type pdf)
 <use command.pdf>
File: command.pdf Graphic file (type pdf)
 <use command.pdf>
File: command.pdf Graphic file (type pdf)
 <use command.pdf>
Package pdftex.def Info: command.pdf used on input line 57.
(pdftex.def)             Requested size: 435.21489pt x 435.21489pt.
File: command.pdf Graphic file (type pdf)

<use command.pdf>
Package pdftex.def Info: command.pdf used on input line 57.
(pdftex.def)             Requested size: 435.21489pt x 435.21489pt.
File: command.pdf Graphic file (type pdf)
 <use command.pdf>
File: command.pdf Graphic file (type pdf)
 <use command.pdf>
File: command.pdf Graphic file (type pdf)
 <use command.pdf>
File: command.pdf Graphic file (type pdf)

<use command.pdf>
File: command.pdf Graphic file (type pdf)
 <use command.pdf>
File: command.pdf Graphic file (type pdf)
 <use command.pdf>
File: command.pdf Graphic file (type pdf)
 <use command.pdf>
Package pdftex.def Info: command.pdf used on input line 57.
(pdftex.def)             Requested size: 435.21489pt x 435.21489pt.
File: command.pdf Graphic file (type pdf)

<use command.pdf>
Package pdftex.def Info: command.pdf used on input line 57.
(pdftex.def)             Requested size: 435.21489pt x 435.21489pt.
File: command.pdf Graphic file (type pdf)
 <use command.pdf>
File: command.pdf Graphic file (type pdf)
 <use command.pdf>
File: command.pdf Graphic file (type pdf)
 <use command.pdf>
File: command.pdf Graphic file (type pdf)

<use command.pdf>
File: command.pdf Graphic file (type pdf)
 <use command.pdf>
File: command.pdf Graphic file (type pdf)
 <use command.pdf>
File: command.pdf Graphic file (type pdf)
 <use command.pdf>
Package pdftex.def Info: command.pdf used on input line 57.
(pdftex.def)             Requested size: 435.21489pt x 435.21489pt.
File: command.pdf Graphic file (type pdf)

<use command.pdf>
Package pdftex.def Info: command.pdf used on input line 57.
(pdftex.def)             Requested size: 435.21489pt x 435.21489pt.
File: command.pdf Graphic file (type pdf)
 <use command.pdf>
File: command.pdf Graphic file (type pdf)
 <use command.pdf>
File: command.pdf Graphic file (type pdf)
 <use command.pdf>
File: command.pdf Graphic file (type pdf)

<use command.pdf>
File: command.pdf Graphic file (type pdf)
 <use command.pdf>
File: command.pdf Graphic file (type pdf)
 <use command.pdf>
File: command.pdf Graphic file (type pdf)
 <use command.pdf>
Package pdftex.def Info: command.pdf used on input line 57.
(pdftex.def)             Requested size: 435.21489pt x 435.21489pt.
File: command.pdf Graphic file (type pdf)

<use command.pdf>
Package pdftex.def Info: command.pdf used on input line 57.
(pdftex.def)             Requested size: 435.21489pt x 435.21489pt.
File: command.pdf Graphic file (type pdf)
 <use command.pdf>
File: command.pdf Graphic file (type pdf)
 <use command.pdf>
File: command.pdf Graphic file (type pdf)
 <use command.pdf>
File: command.pdf Graphic file (type pdf)

<use command.pdf>
File: command.pdf Graphic file (type pdf)
 <use command.pdf>
File: command.pdf Graphic file (type pdf)
 <use command.pdf>
File: command.pdf Graphic file (type pdf)
 <use command.pdf>
Package pdftex.def Info: command.pdf used on input line 57.
(pdftex.def)             Requested size: 435.21489pt x 435.21489pt.
File: command.pdf Graphic file (type pdf)

<use command.pdf>
Package pdftex.def Info: command.pdf used on input line 57.
(pdftex.def)             Requested size: 435.21489pt x 435.21489pt.
File: command.pdf Graphic file (type pdf)
 <use command.pdf>
File: command.pdf Graphic file (type pdf)
 <use command.pdf>
File: command.pdf Graphic file (type pdf)
 <use command.pdf>
File: command.pdf Graphic file (type pdf)

<use command.pdf>
File: command.pdf Graphic file (type pdf)
 <use command.pdf>
File: command.pdf Graphic file (type pdf)
 <use command.pdf>
File: command.pdf Graphic file (type pdf)
 <use command.pdf>
Package pdftex.def Info: command.pdf used on input line 57.
(pdftex.def)             Requested size: 435.21489pt x 435.21489pt.
File: command.pdf Graphic file (type pdf)

<use command.pdf>
Package pdftex.def Info: command.pdf used on input line 57.
(pdftex.def)             Requested size: 435.21489pt x 435.21489pt.
File: command.pdf Graphic file (type pdf)
 <use command.pdf>
File: command.pdf Graphic file (type pdf)
 <use command.pdf>
File: command.pdf Graphic file (type pdf)
 <use command.pdf>
File: command.pdf Graphic file (type pdf)

<use command.pdf>
File: command.pdf Graphic file (type pdf)
 <use command.pdf>
File: command.pdf Graphic file (type pdf)
 <use command.pdf>
File: command.pdf Graphic file (type pdf)
 <use command.pdf>
Package pdftex.def Info: command.pdf used on input line 57.
(pdftex.def)             Requested size: 435.21489pt x 435.21489pt.
File: command.pdf Graphic file (type pdf)

<use command.pdf>
Package pdftex.def Info: command.pdf used on input line 57.
(pdftex.def)             Requested size: 435.21489pt x 435.21489pt.
File: command.pdf Graphic file (type pdf)
 <use command.pdf>
File: command.pdf Graphic file (type pdf)
 <use command.pdf>
File: command.pdf Graphic file (type pdf)
 <use command.pdf>
File: command.pdf Graphic file (type pdf)

<use command.pdf>
File: command.pdf Graphic file (type pdf)
 <use command.pdf>
File: command.pdf Graphic file (type pdf)
 <use command.pdf>
File: command.pdf Graphic file (type pdf)
 <use command.pdf>
Package pdftex.def Info: command.pdf used on input line 57.
(pdftex.def)             Requested size: 435.21489pt x 435.21489pt.
File: command.pdf Graphic file (type pdf)

<use command.pdf>
Package pdftex.def Info: command.pdf used on input line 57.
(pdftex.def)             Requested size: 435.21489pt x 435.21489pt.
File: command.pdf Graphic file (type pdf)
 <use command.pdf>
File: command.pdf Graphic file (type pdf)
 <use command.pdf>
File: command.pdf Graphic file (type pdf)
 <use command.pdf>
File: command.pdf Graphic file (type pdf)

<use command.pdf>
File: command.pdf Graphic file (type pdf)
 <use command.pdf>
File: command.pdf Graphic file (type pdf)
 <use command.pdf> [1

{/usr/local/texlive/2017/texmf-var/fonts/map/pdftex/updmap/pdftex.map} <./windo
ws.pdf> <./command.pdf>] (./Keyboard Shortcuts.aux) ) 
Here is how much of TeX's memory you used:
 2823 strings out of 492995
 37929 string characters out of 6132704
 115320 words of memory out of 5000000
 6342 multiletter control sequences out of 15000+600000
 12829 words of font info for 46 fonts, out of 8000000 for 9000
 1141 hyphenation exceptions out of 8191
 39i,17n,43p,868b,428s stack positions out of 5000i,500n,10000p,200000b,80000s
</usr/local/texlive/2017/t
exmf-dist/fonts/type1/public/amsfonts/cm/cmbx12.pfb></usr/local/texlive/2017/te
xmf-dist/fonts/type1/public/amsfonts/cm/cmr12.pfb></usr/local/texlive/2017/texm
f-dist/fonts/type1/public/amsfonts/cm/cmr17.pfb></usr/local/texlive/2017/texmf-
dist/fonts/type1/public/amsfonts/cm/cmss17.pfb>
Output written on "Keyboard Shortcuts.pdf" (1 page, 139970 bytes).
PDF statistics:
 42 PDF objects out of 1000 (max. 8388607)
 27 compressed objects within 1 object stream
 0 named destinations out of 1000 (max. 500000)
 11 words of extra memory for PDF output out of 10000 (max. 10000000)

